==============================================================================
  Sakana baseline-only test on 229 kernels
  Result dir: /mnt/d/doctor_learning/Academic_Project/paper_1/MutaKernel/第三次实验汇总/results/ai_cuda_engineer
  Checkpoint: /mnt/d/doctor_learning/Academic_Project/paper_1/MutaKernel/第三次实验汇总/results/ai_cuda_engineer/baseline_checkpoint.json
==============================================================================

[  1/229] sakana__L1_T34            p/f/e=0/3/0   12.4s  BAD  L1  34_InstanceNorm_L1_T34
[  2/229] sakana__L1_T15            p/f/e=0/3/0    9.4s  BAD  L1  15_Matmul_for_lower_triangular_matrices_
[  3/229] sakana__L1_T12            p/f/e=3/0/0   10.0s  OK   L1  12_Matmul_with_diagonal_matrices__L1_T12
[  4/229] sakana__L1_T95            p/f/e=3/0/0   49.7s  OK   L1  95_CrossEntropyLoss_L1_T95
[  5/229] sakana__L1_T40            p/f/e=3/0/0   10.4s  OK   L1  40_LayerNorm_L1_T40
[  6/229] sakana__L1_T97            p/f/e=0/3/0   48.4s  BAD  L1  97_CosineSimilarityLoss_L1_T97
[  7/229] sakana__L1_T88            p/f/e=3/0/0    9.4s  OK   L1  88_MinGPTNewGelu_L1_T88
[  8/229] sakana__L1_T99            p/f/e=3/0/0   51.0s  OK   L1  99_TripletMarginLoss_L1_T99
[  9/229] sakana__L1_T90            p/f/e=3/0/0   49.8s  OK   L1  90_cumprod_L1_T90
[ 10/229] sakana__L1_T98            p/f/e=0/3/0    8.0s  BAD  L1  98_KLDivLoss_L1_T98
[ 11/229] sakana__L1_T36            p/f/e=3/0/0   10.8s  OK   L1  36_RMSNorm__L1_T36
[ 12/229] sakana__L1_T50            p/f/e=3/0/0    8.8s  OK   L1  50_Product_reduction_over_a_dimension_L1
[ 13/229] sakana__L1_T30            p/f/e=3/0/0   49.9s  OK   L1  30_Softsign_L1_T30
[ 14/229] sakana__L1_T89            p/f/e=3/0/0   51.1s  OK   L1  89_cumsum_L1_T89
[ 15/229] sakana__L1_T74            p/f/e=3/0/0   50.6s  OK   L1  74_conv_transposed_1D_dilated_L1_T74
[ 16/229] sakana__L1_T53            p/f/e=3/0/0   50.3s  OK   L1  53_Min_reduction_over_a_dimension_L1_T53
[ 17/229] sakana__L1_T38            p/f/e=3/0/0   50.0s  OK   L1  38_L1Norm__L1_T38
[ 18/229] sakana__L1_T46            p/f/e=3/0/0   53.1s  OK   L1  46_Average_Pooling_3D_L1_T46
[ 19/229] sakana__L1_T45            p/f/e=3/0/0   51.8s  OK   L1  45_Average_Pooling_2D_L1_T45
[ 20/229] sakana__L1_T43            p/f/e=3/0/0   53.9s  OK   L1  43_Max_Pooling_3D_L1_T43
[ 21/229] sakana__L1_T39            p/f/e=3/0/0   50.0s  OK   L1  39_L2Norm__L1_T39
[ 22/229] sakana__L1_T76            p/f/e=3/0/0    9.4s  OK   L1  76_conv_standard_1D_dilated_strided___L1
[ 23/229] sakana__L1_T51            p/f/e=3/0/0   50.4s  OK   L1  51_Argmax_over_a_dimension_L1_T51
[ 24/229] sakana__L1_T100           p/f/e=1/2/0   50.0s  BAD  L1  100_HingeLoss_L1_T100
[ 25/229] sakana__L1_T35            p/f/e=3/0/0   53.6s  OK   L1  35_GroupNorm__L1_T35
[ 26/229] sakana__L1_T48            p/f/e=3/0/0   51.4s  OK   L1  48_Mean_reduction_over_a_dimension_L1_T4
[ 27/229] sakana__L1_T52            p/f/e=3/0/0   49.3s  OK   L1  52_Argmin_over_a_dimension_L1_T52
[ 28/229] sakana__L1_T83            p/f/e=3/0/0   50.2s  OK   L1  83_conv_depthwise_2D_square_input_asymme
[ 29/229] sakana__L1_T37            p/f/e=3/0/0   51.2s  OK   L1  37_FrobeniusNorm__L1_T37
[ 30/229] sakana__L1_T96            p/f/e=0/3/0    9.6s  BAD  L1  96_HuberLoss_L1_T96
[ 31/229] sakana__L1_T25            p/f/e=3/0/0    8.4s  OK   L1  25_Swish_L1_T25
[ 32/229] sakana__L1_T84            p/f/e=3/0/0   50.8s  OK   L1  84_conv_depthwise_2D_asymmetric_input_sq
[ 33/229] sakana__L1_T49            p/f/e=3/0/0   49.7s  OK   L1  49_Max_reduction_over_a_dimension_L1_T49
[ 34/229] sakana__L1_T47            p/f/e=3/0/0   50.2s  OK   L1  47_Sum_reduction_over_a_dimension_L1_T47
[ 35/229] sakana__L1_T93            p/f/e=3/0/0   50.8s  OK   L1  93_masked_cumsum_L1_T93
[ 36/229] sakana__L1_T85            p/f/e=3/0/0   49.7s  OK   L1  85_conv_depthwise_2D_asymmetric_input_as
[ 37/229] sakana__L1_T42            p/f/e=3/0/0   51.4s  OK   L1  42_Max_Pooling_2D_L1_T42
[ 38/229] sakana__L1_T67            p/f/e=3/0/0   50.6s  OK   L1  67_conv_standard_1D_L1_T67
[ 39/229] sakana__L1_T82            p/f/e=3/0/0   50.3s  OK   L1  82_conv_depthwise_2D_square_input_square
[ 40/229] sakana__L1_T44            p/f/e=3/0/0   51.8s  OK   L1  44_Average_Pooling_1D_L1_T44
[ 41/229] sakana__L1_T41            p/f/e=3/0/0   50.7s  OK   L1  41_Max_Pooling_1D_L1_T41
[ 42/229] sakana__L1_T22            p/f/e=3/0/0   49.8s  OK   L1  22_Tanh_L1_T22
[ 43/229] sakana__L1_T29            p/f/e=3/0/0   48.5s  OK   L1  29_Softplus_L1_T29
[ 44/229] sakana__L1_T31            p/f/e=3/0/0   49.1s  OK   L1  31_ELU_L1_T31
[ 45/229] sakana__L1_T20            p/f/e=3/0/0    8.6s  OK   L1  20_LeakyReLU_L1_T20
[ 46/229] sakana__L1_T26            p/f/e=3/0/0    7.7s  OK   L1  26_GELU__L1_T26
[ 47/229] sakana__L1_T28            p/f/e=3/0/0   49.4s  OK   L1  28_HardSigmoid_L1_T28
[ 48/229] sakana__L1_T21            p/f/e=3/0/0   48.4s  OK   L1  21_Sigmoid_L1_T21
[ 49/229] sakana__L1_T27            p/f/e=3/0/0   46.2s  OK   L1  27_SELU__L1_T27
[ 50/229] sakana__L1_T72            p/f/e=3/0/0   55.1s  OK   L1  72_conv_transposed_3D_asymmetric_input_a
[ 51/229] sakana__L1_T19            p/f/e=3/0/0   47.8s  OK   L1  19_ReLU_L1_T19
[ 52/229] sakana__L1_T24            p/f/e=3/0/0   48.9s  OK   L1  24_LogSoftmax_L1_T24
[ 53/229] sakana__L1_T23            p/f/e=3/0/0   47.8s  OK   L1  23_Softmax_L1_T23
[ 54/229] sakana__L1_T32            p/f/e=3/0/0   47.2s  OK   L1  32_HardTanh_L1_T32
[ 55/229] sakana__L1_T94            p/f/e=0/3/0   46.7s  BAD  L1  94_MSELoss_L1_T94
[ 56/229] sakana__L1_T75            p/f/e=3/0/0   53.0s  OK   L1  75_conv_transposed_2D_asymmetric_input_a
[ 57/229] sakana__L1_T69            p/f/e=3/0/0   48.6s  OK   L1  69_conv_transposed_2D__asymmetric_input_
[ 58/229] sakana__L1_T64            p/f/e=3/0/0   48.2s  OK   L1  64_conv_transposed_1D_L1_T64
[ 59/229] sakana__L1_T91            p/f/e=3/0/0   48.1s  OK   L1  91_cumsum_reverse_L1_T91
[ 60/229] sakana__L1_T57            p/f/e=3/0/0   48.2s  OK   L1  57_conv_transposed_2D__square_input__squ
[ 61/229] sakana__L1_T58            p/f/e=3/0/0   47.5s  OK   L1  58_conv_transposed_3D__asymmetric_input_
[ 62/229] sakana__L1_T78            p/f/e=3/0/0    9.5s  OK   L1  78_conv_transposed_2D_asymmetric_input_a
[ 63/229] sakana__L1_T62            p/f/e=3/0/0   48.8s  OK   L1  62_conv_standard_2D__square_input__asymm
[ 64/229] sakana__L1_T8             p/f/e=3/0/0   49.5s  OK   L1  8_Matmul_with_irregular_shapes__L1_T8
[ 65/229] sakana__L1_T5             p/f/e=3/0/0   49.1s  OK   L1  5_Matrix_scalar_multiplication_L1_T5
[ 66/229] sakana__L1_T71            p/f/e=3/0/0   49.4s  OK   L1  71_conv_transposed_2D__asymmetric_input_
[ 67/229] sakana__L1_T2             p/f/e=3/0/0   48.1s  OK   L1  2_Standard_matrix_multiplication__L1_T2
[ 68/229] sakana__L1_T63            p/f/e=3/0/0   49.0s  OK   L1  63_conv_standard_2D__square_input__squar
[ 69/229] sakana__L1_T55            p/f/e=3/0/0   49.0s  OK   L1  55_conv_standard_2D__asymmetric_input__s
[ 70/229] sakana__L1_T4             p/f/e=3/0/0   47.4s  OK   L1  4_Matrix_vector_multiplication__L1_T4
[ 71/229] sakana__L1_T79            p/f/e=3/0/0   47.4s  OK   L1  79_conv_transposed_1D_asymmetric_input_s
[ 72/229] sakana__L1_T86            p/f/e=3/0/0   53.4s  OK   L1  86_conv_depthwise_separable_2D_L1_T86
[ 73/229] sakana__L1_T9             p/f/e=3/0/0   14.7s  OK   L1  9_Tall_skinny_matrix_multiplication__L1_
[ 74/229] sakana__L1_T14            p/f/e=3/0/0   51.5s  OK   L1  14_Matmul_for_upper_triangular_matrices_
[ 75/229] sakana__L1_T7             p/f/e=3/0/0   54.6s  OK   L1  7_Matmul_with_small_K_dimension__L1_T7
[ 76/229] sakana__L1_T13            p/f/e=3/0/0   50.2s  OK   L1  13_Matmul_for_symmetric_matrices_L1_T13
[ 77/229] sakana__L1_T33            p/f/e=3/0/0   51.3s  OK   L1  33_BatchNorm_L1_T33
[ 78/229] sakana__L1_T1             p/f/e=3/0/0   48.3s  OK   L1  1_Square_matrix_multiplication__L1_T1
[ 79/229] sakana__L1_T80            p/f/e=3/0/0   50.6s  OK   L1  80_conv_standard_2D_square_input_asymmet
[ 80/229] sakana__L1_T3             p/f/e=3/0/0    9.1s  OK   L1  3_Batched_matrix_multiplication_L1_T3
[ 81/229] sakana__L1_T87            p/f/e=3/0/0   50.1s  OK   L1  87_conv_pointwise_2D_L1_T87
[ 82/229] sakana__L1_T11            p/f/e=0/0/3   14.1s  ERR  L1  11_4D_tensor_matrix_multiplication_L1_T1
[ 83/229] sakana__L1_T10            p/f/e=3/0/0   49.5s  OK   L1  10_3D_tensor_matrix_multiplication_L1_T1
[ 84/229] sakana__L1_T18            p/f/e=3/0/0   51.1s  OK   L1  18_Matmul_with_transposed_both_L1_T18
[ 85/229] sakana__L1_T81            p/f/e=3/0/0   56.4s  OK   L1  81_conv_transposed_2D_asymmetric_input_s
[ 86/229] sakana__L1_T16            p/f/e=3/0/0   53.3s  OK   L1  16_Matmul_with_transposed_A_L1_T16
[ 87/229] sakana__L1_T60            p/f/e=3/0/0   57.0s  OK   L1  60_conv_standard_3D__square_input__asymm
[ 88/229] sakana__L1_T17            p/f/e=3/0/0   52.1s  OK   L1  17_Matmul_with_transposed_B_L1_T17
[ 89/229] sakana__L1_T56            p/f/e=3/0/0   53.3s  OK   L1  56_conv_standard_2D__asymmetric_input__a
[ 90/229] sakana__L1_T6             p/f/e=3/0/0    9.3s  OK   L1  6_Matmul_with_large_K_dimension__L1_T6
[ 91/229] sakana__L1_T65            p/f/e=3/0/0   51.6s  OK   L1  65_conv_transposed_2D__square_input__asy
[ 92/229] sakana__L2_T23            p/f/e=0/3/0   50.5s  BAD  L2  23_Conv3d_GroupNorm_Mean_L2_T23
[ 93/229] sakana__L2_T13            p/f/e=3/0/0   50.4s  OK   L2  13_ConvTranspose3d_Mean_Add_Softmax_Tanh
[ 94/229] sakana__L2_T18            p/f/e=3/0/0   50.5s  OK   L2  18_Matmul_Sum_Max_AvgPool_LogSumExp_LogS
[ 95/229] sakana__L2_T10            p/f/e=0/3/0   51.2s  BAD  L2  10_ConvTranspose2d_MaxPool_Hardtanh_Mean
[ 96/229] sakana__L2_T42            p/f/e=0/3/0   48.5s  BAD  L2  42_ConvTranspose2d_GlobalAvgPool_BiasAdd
[ 97/229] sakana__L2_T66            p/f/e=3/0/0   50.8s  OK   L2  66_Matmul_Dropout_Mean_Softmax_L2_T66
[ 98/229] sakana__L2_T45            p/f/e=0/3/0   51.2s  BAD  L2  45_Gemm_Sigmoid_Sum_LogSumExp_L2_T45
[ 99/229] sakana__L2_T95            p/f/e=0/3/0    8.5s  BAD  L2  95_Matmul_Add_Swish_Tanh_GELU_Hardtanh_L
[100/229] sakana__L2_T9             p/f/e=3/0/0   49.3s  OK   L2  9_Matmul_Subtract_Multiply_ReLU_L2_T9
[101/229] sakana__L2_T40            p/f/e=3/0/0   51.3s  OK   L2  40_Matmul_Scaling_ResidualAdd_L2_T40
[102/229] sakana__L2_T55            p/f/e=3/0/0    7.9s  OK   L2  55_Matmul_MaxPool_Sum_Scale_L2_T55
[103/229] sakana__L2_T65            p/f/e=1/2/0   49.4s  BAD  L2  65_Conv2d_AvgPool_Sigmoid_Sum_L2_T65
