/home/kbuser/.local/lib/python3.10/site-packages/torch/_subclasses/functional_tensor.py:295: UserWarning: Failed to initialize NumPy: No module named 'numpy' (Triggered internally at ../torch/csrc/utils/tensor_numpy.cpp:84.)
  cpu = _conversion_method_template(device=torch.device("cpu"))
============================================================
  MutaKernel Full-Scale Differential Testing
  5 Dimensions: value_stress | dtype_stress | training_stress | repeated_run | config_stress
============================================================

============================================================
  Dataset: ai_cuda_engineer (2 kernels)
  Result dir: /mnt/d/doctor_learning/Academic_Project/paper_1/MutaKernel/第三次实验汇总/results/ai_cuda_engineer
============================================================

  [1/2] sakana__L1_T34
    Baseline: 0 pass, 0 fail, 3 errors (of 3)
    SKIP: All baseline tests errored (compile/crash)

  [2/2] sakana__L1_T15
    Baseline: 0 pass, 0 fail, 3 errors (of 3)
    SKIP: All baseline tests errored (compile/crash)

  Summary saved: /mnt/d/doctor_learning/Academic_Project/paper_1/MutaKernel/第三次实验汇总/results/ai_cuda_engineer/summary.json
  Completed: 0/2
  With discrepancies: 0

============================================================
  ALL DATASETS DONE
============================================================
