/home/kbuser/.local/lib/python3.10/site-packages/torch/_subclasses/functional_tensor.py:295: UserWarning: Failed to initialize NumPy: No module named 'numpy' (Triggered internally at ../torch/csrc/utils/tensor_numpy.cpp:84.)
  cpu = _conversion_method_template(device=torch.device("cpu"))
============================================================
  MutaKernel Full-Scale Differential Testing
  5 Dimensions: value_stress | dtype_stress | training_stress | repeated_run | config_stress
============================================================

============================================================
  Dataset: cuda_l1 (2 kernels)
  Result dir: /mnt/d/doctor_learning/Academic_Project/paper_1/MutaKernel/第三次实验汇总/results/cuda_l1
============================================================

  [1/2] cuda_l1__L1_T1
    Baseline: 3 pass, 0 fail, 0 errors (of 3)
    Done in 304.1s | disc=0 dims=[]

  [2/2] cuda_l1__L1_T2
    Baseline: 3 pass, 0 fail, 0 errors (of 3)
    Done in 3403.2s | disc=40 dims=['value_stress', 'training_stress']

  Summary saved: /mnt/d/doctor_learning/Academic_Project/paper_1/MutaKernel/第三次实验汇总/results/cuda_l1/summary.json
  Completed: 2/2
  With discrepancies: 1

============================================================
  ALL DATASETS DONE
============================================================
