Testing 30 kernels (baseline only, 3 seeds each)
========================================================================

[ 1/30] sakana__L1_T11              p/f/e=0/0/3  ( 15.3s)  ERR  11_4D_tensor_matrix_multiplication_L1_T11
[ 2/30] sakana__L1_T12              p/f/e=3/0/0  ( 45.5s)  OK  12_Matmul_with_diagonal_matrices__L1_T12
[ 3/30] sakana__L1_T20              p/f/e=3/0/0  ( 50.9s)  OK  20_LeakyReLU_L1_T20
[ 4/30] sakana__L1_T26              p/f/e=3/0/0  ( 52.8s)  OK  26_GELU__L1_T26
[ 5/30] sakana__L1_T3               p/f/e=3/0/0  ( 51.4s)  OK  3_Batched_matrix_multiplication_L1_T3
[ 6/30] sakana__L1_T6               p/f/e=3/0/0  ( 51.6s)  OK  6_Matmul_with_large_K_dimension__L1_T6
[ 7/30] sakana__L1_T76              p/f/e=3/0/0  ( 52.2s)  OK  76_conv_standard_1D_dilated_strided___L1_T76
[ 8/30] sakana__L1_T78              p/f/e=3/0/0  ( 52.2s)  OK  78_conv_transposed_2D_asymmetric_input_asymmetri
[ 9/30] sakana__L1_T9               p/f/e=3/0/0  ( 60.6s)  OK  9_Tall_skinny_matrix_multiplication__L1_T9
[10/30] sakana__L1_T96              p/f/e=0/3/0  ( 51.9s)  BAD  96_HuberLoss_L1_T96
[11/30] sakana__L1_T98              p/f/e=0/3/0  (  8.3s)  BAD  98_KLDivLoss_L1_T98
[12/30] sakana__L2_T21              p/f/e=3/0/0  ( 50.7s)  OK  21_Conv2d_Add_Scale_Sigmoid_GroupNorm_L2_T21
[13/30] sakana__L2_T28              p/f/e=3/0/0  ( 50.1s)  OK  28_BMM_InstanceNorm_Sum_ResidualAdd_Multiply_L2_
[14/30] sakana__L2_T29              p/f/e=3/0/0  ( 50.1s)  OK  29_Matmul_Mish_Mish_L2_T29
[15/30] sakana__L2_T49              p/f/e=2/1/0  ( 58.4s)  OK  49_ConvTranspose3d_Softmax_Sigmoid_L2_T49
[16/30] sakana__L2_T55              p/f/e=3/0/0  ( 51.0s)  OK  55_Matmul_MaxPool_Sum_Scale_L2_T55
[17/30] sakana__L2_T56              p/f/e=3/0/0  ( 49.7s)  OK  56_Matmul_Sigmoid_Sum_L2_T56
[18/30] sakana__L2_T68              p/f/e=3/0/0  ( 49.3s)  OK  68_Matmul_Min_Subtract_L2_T68
[19/30] sakana__L2_T77              p/f/e=3/0/0  ( 50.2s)  OK  77_ConvTranspose3d_Scale_BatchNorm_GlobalAvgPool
[20/30] sakana__L2_T80              p/f/e=3/0/0  ( 50.1s)  OK  80_Gemm_Max_Subtract_GELU_L2_T80
[21/30] sakana__L2_T86              p/f/e=3/0/0  ( 49.6s)  OK  86_Matmul_Divide_GELU_L2_T86
[22/30] sakana__L2_T93              p/f/e=3/0/0  ( 50.2s)  OK  93_ConvTranspose2d_Add_Min_GELU_Multiply_L2_T93
[23/30] sakana__L2_T95              p/f/e=0/3/0  ( 49.9s)  BAD  95_Matmul_Add_Swish_Tanh_GELU_Hardtanh_L2_T95
[24/30] sakana__L3_T15              p/f/e=3/0/0  ( 51.7s)  OK  15_DenseNet121_L3_T15
[25/30] sakana__L3_T17              p/f/e=3/0/0  ( 52.9s)  OK  17_SqueezeNetFireModule_L3_T17
[26/30] sakana__L3_T18              p/f/e=3/0/0  ( 50.4s)  OK  18_SqueezeNet_L3_T18
[27/30] sakana__L3_T19              p/f/e=3/0/0  ( 49.5s)  OK  19_MobileNetV1_L3_T19
[28/30] sakana__L3_T22              p/f/e=3/0/0  ( 51.0s)  OK  22_EfficientNetB0_L3_T22
[29/30] sakana__L3_T4               p/f/e=3/0/0  ( 51.2s)  OK  4_LeNet5_L3_T4
[30/30] sakana__L3_T42              p/f/e=0/3/0  ( 51.2s)  BAD  42_GRUBidirectionalHidden_L3_T42

========================================================================
SUMMARY  (1458.9s total)
========================================================================
Total kernels: 30
  OK  (>=2/3 baseline pass, 0 errors):     25  (83.3%)
  BAD (>=2/3 baseline pass discrepancy):   4 (13.3%)
  ERR (>=2/3 worker errors / compile):     1 (3.3%)

Results saved: /mnt/d/doctor_learning/Academic_Project/paper_1/MutaKernel/第三次实验汇总/logs/smoke_sakana_fixed_30.json
