
========================================================================
[sakana__L1_T25] 25_Swish_L1_T25
========================================================================
  Baseline: 3 pass, 0 fail, 0 errors  (took 51.1s)
  value_stress[large_magnitude]: pass  err=''
  value_stress[extreme_magnitude]: pass  err=''
  value_stress[all_negative]: pass  err=''

========================================================================
[sakana__L1_T34] 34_InstanceNorm_L1_T34
========================================================================
  Baseline: 0 pass, 3 fail, 0 errors  (took 56.4s)
  value_stress[large_magnitude]: discrepancy  err=''
  value_stress[extreme_magnitude]: discrepancy  err=''
  value_stress[all_negative]: discrepancy  err=''

========================================================================
[sakana__L1_T40] 40_LayerNorm_L1_T40
========================================================================
  Baseline: 3 pass, 0 fail, 0 errors  (took 53.6s)
  value_stress[large_magnitude]: pass  err=''
  value_stress[extreme_magnitude]: pass  err=''
  value_stress[all_negative]: pass  err=''

========================================================================
[sakana__L1_T36] 36_RMSNorm__L1_T36
========================================================================
  Baseline: 3 pass, 0 fail, 0 errors  (took 54.4s)
  value_stress[large_magnitude]: pass  err=''
  value_stress[extreme_magnitude]: pass  err=''
  value_stress[all_negative]: pass  err=''

========================================================================
[sakana__L1_T50] 50_Product_reduction_over_a_dimension_L1_T50
========================================================================
  Baseline: 3 pass, 0 fail, 0 errors  (took 51.1s)
  value_stress[large_magnitude]: ref_fail  err='ref NaN/Inf and original also invalid'
  value_stress[extreme_magnitude]: ref_fail  err='ref NaN/Inf and original also invalid'
  value_stress[all_negative]: ref_fail  err='ref NaN/Inf and original also invalid'

========================================================================
[sakana__L1_T98] 98_KLDivLoss_L1_T98
========================================================================
  Baseline: 0 pass, 3 fail, 0 errors  (took 51.8s)
  value_stress[large_magnitude]: ref_fail  err='ref NaN/Inf and original also invalid'
  value_stress[extreme_magnitude]: ref_fail  err='ref NaN/Inf and original also invalid'
  value_stress[all_negative]: pass  err=''

========================================================================
[sakana__L1_T15] 15_Matmul_for_lower_triangular_matrices_L1_T15
========================================================================
  Baseline: 0 pass, 3 fail, 0 errors  (took 52.6s)
  value_stress[large_magnitude]: discrepancy  err=''
  value_stress[extreme_magnitude]: discrepancy  err=''
  value_stress[all_negative]: discrepancy  err=''

========================================================================
[sakana__L1_T88] 88_MinGPTNewGelu_L1_T88
========================================================================
  Baseline: 3 pass, 0 fail, 0 errors  (took 50.8s)
  value_stress[large_magnitude]: pass  err=''
  value_stress[extreme_magnitude]: pass  err=''
  value_stress[all_negative]: pass  err=''

========================================================================
SUMMARY (total 500.9s)
========================================================================
kid                       verdict        BL:p/f/e  VS:p/d/e   kernel_name
sakana__L1_T25            BASELINE_OK    3/0/0     3/0/0     25_Swish_L1_T25
sakana__L1_T34            BASELINE_BAD   0/3/0     0/3/0     34_InstanceNorm_L1_T34
sakana__L1_T40            BASELINE_OK    3/0/0     3/0/0     40_LayerNorm_L1_T40
sakana__L1_T36            BASELINE_OK    3/0/0     3/0/0     36_RMSNorm__L1_T36
sakana__L1_T50            BASELINE_OK    3/0/0     0/0/3     50_Product_reduction_over_a_dimension_L1_T50
sakana__L1_T98            BASELINE_BAD   0/3/0     1/0/2     98_KLDivLoss_L1_T98
sakana__L1_T15            BASELINE_BAD   0/3/0     0/3/0     15_Matmul_for_lower_triangular_matrices_L1_T15
sakana__L1_T88            BASELINE_OK    3/0/0     3/0/0     88_MinGPTNewGelu_L1_T88

Baseline OK rate: 5/8 = 62.5%
